<?xml version="1.0" encoding="UTF-8"?>
<testng-results ignored="0" total="1" passed="1" failed="0" skipped="0">
  <reporter-output>
  </reporter-output>
  <suite started-at="2024-01-22T14:32:43 IST" name="Default suite" finished-at="2024-01-22T14:32:43 IST" duration-ms="56">
    <groups>
    </groups>
    <test started-at="2024-01-22T14:32:43 IST" name="Default test" finished-at="2024-01-22T14:32:43 IST" duration-ms="56">
      <class name="com.hrms.pages.Class_number1">
        <test-method signature="LaunchAUT()[pri:0, instance:com.hrms.pages.Class_number1@66498326]" started-at="2024-01-22T14:32:43 IST" name="LaunchAUT" finished-at="2024-01-22T14:32:43 IST" duration-ms="8" status="PASS">
          <reporter-output>
          </reporter-output>
        </test-method> <!-- LaunchAUT -->
      </class> <!-- com.hrms.pages.Class_number1 -->
    </test> <!-- Default test -->
  </suite> <!-- Default suite -->
</testng-results>
